2023-04-16T20:03:02.359Z info: Successfully retrieved user data
2023-04-16T20:03:04.057Z info: Successfully retrieved user data
2023-04-16T20:03:05.445Z info: Successfully retrieved user data
2023-04-16T20:03:06.365Z info: Successfully retrieved user data
2023-04-16T20:03:07.433Z info: Successfully retrieved user data
2023-04-16T20:03:08.198Z info: Successfully retrieved user data
2023-04-16T20:21:41.473Z info: Deleting user with id 3
2023-04-16T20:21:41.565Z error: User with id 3 not found
2023-04-16T20:21:42.618Z info: Deleting user with id 3
2023-04-16T20:21:42.671Z error: User with id 3 not found
2023-04-16T20:21:43.494Z info: Deleting user with id 3
2023-04-16T20:21:43.540Z error: User with id 3 not found
2023-04-16T20:21:44.425Z info: Deleting user with id 3
2023-04-16T20:21:44.471Z error: User with id 3 not found
2023-04-16T20:21:49.350Z info: Retrieved user with id 23
2023-04-16T20:21:50.402Z info: Retrieved user with id 23
2023-04-16T20:21:51.401Z info: Retrieved user with id 23
2023-04-16T20:21:52.282Z info: Retrieved user with id 23
2023-04-16T20:21:53.220Z info: Retrieved user with id 23
2023-04-16T20:21:57.457Z info: Successfully retrieved user data
2023-04-16T20:21:58.574Z info: Successfully retrieved user data
2023-04-16T20:21:59.548Z info: Successfully retrieved user data
2023-04-16T20:22:38.477Z info: Successfully retrieved user data
2023-04-16T20:22:50.290Z info: Retrieved user with id 23
2023-04-16T20:22:51.489Z info: Retrieved user with id 23
2023-04-16T20:22:52.319Z info: Retrieved user with id 23
2023-04-16T20:22:52.989Z info: Retrieved user with id 23
2023-04-16T20:22:53.529Z info: Retrieved user with id 23
2023-04-16T20:22:54.019Z info: Retrieved user with id 23
2023-04-16T20:22:54.600Z info: Retrieved user with id 23
2023-04-16T20:22:55.049Z info: Retrieved user with id 23
2023-04-16T20:22:55.559Z info: Retrieved user with id 23
2023-04-16T20:22:59.219Z info: Deleting user with id 3
2023-04-16T20:22:59.269Z error: User with id 3 not found
2023-04-16T20:23:01.232Z info: Deleting user with id 3
2023-04-16T20:23:01.279Z error: User with id 3 not found
2023-04-16T20:23:02.142Z info: Deleting user with id 3
2023-04-16T20:23:02.189Z error: User with id 3 not found
2023-04-16T20:30:58.667Z info: Deleting user with id 3
2023-04-16T20:30:58.761Z error: User with id 3 not found
2023-04-16T20:31:00.575Z info: Deleting user with id 3
2023-04-16T20:31:00.628Z error: User with id 3 not found
2023-04-16T20:31:01.827Z info: Deleting user with id 3
2023-04-16T20:31:01.877Z error: User with id 3 not found
2023-04-16T20:32:34.153Z info: Deleting user with id 3
2023-04-16T20:32:34.218Z error: User with id 3 not found
2023-04-16T20:32:34.500Z info: Deleting user with id 3
2023-04-16T20:32:34.546Z error: User with id 3 not found
2023-04-16T20:32:35.019Z info: Deleting user with id 3
2023-04-16T20:32:35.066Z error: User with id 3 not found
2023-04-16T20:32:35.487Z info: Deleting user with id 3
2023-04-16T20:32:35.547Z error: User with id 3 not found
2023-04-16T20:32:35.874Z info: Deleting user with id 3
2023-04-16T20:32:35.926Z error: User with id 3 not found
2023-04-16T20:32:36.245Z info: Deleting user with id 3
2023-04-16T20:32:36.296Z error: User with id 3 not found
2023-04-16T20:32:36.539Z info: Deleting user with id 3
2023-04-16T20:32:36.586Z error: User with id 3 not found
2023-04-16T20:32:36.836Z info: Deleting user with id 3
2023-04-16T20:32:36.886Z error: User with id 3 not found
2023-04-16T20:32:37.127Z info: Deleting user with id 3
2023-04-16T20:32:37.177Z error: User with id 3 not found
2023-04-16T20:32:37.401Z info: Deleting user with id 3
2023-04-16T20:32:37.448Z error: User with id 3 not found
2023-04-16T20:32:37.649Z info: Deleting user with id 3
2023-04-16T20:32:37.699Z error: User with id 3 not found
2023-04-16T20:32:37.882Z info: Deleting user with id 3
2023-04-16T20:32:37.926Z error: User with id 3 not found
2023-04-16T20:32:38.119Z info: Deleting user with id 3
2023-04-16T20:32:38.166Z error: User with id 3 not found
2023-04-16T20:32:38.356Z info: Deleting user with id 3
2023-04-16T20:32:38.406Z error: User with id 3 not found
2023-04-16T20:32:38.612Z info: Deleting user with id 3
2023-04-16T20:32:38.656Z error: User with id 3 not found
2023-04-16T20:32:38.862Z info: Deleting user with id 3
2023-04-16T20:32:38.906Z error: User with id 3 not found
2023-04-16T20:32:39.112Z info: Deleting user with id 3
2023-04-16T20:32:39.156Z error: User with id 3 not found
2023-04-16T20:32:39.442Z info: Deleting user with id 3
2023-04-16T20:32:39.496Z error: User with id 3 not found
2023-04-16T20:32:39.586Z info: Deleting user with id 3
2023-04-16T20:32:39.636Z error: User with id 3 not found
2023-04-16T20:32:39.865Z info: Deleting user with id 3
2023-04-16T20:32:39.916Z error: User with id 3 not found
2023-04-16T20:32:40.077Z info: Deleting user with id 3
2023-04-16T20:32:40.125Z error: User with id 3 not found
2023-04-16T20:32:43.625Z info: Successfully retrieved user data
2023-04-16T20:32:44.474Z info: Successfully retrieved user data
2023-04-16T20:32:44.982Z info: Successfully retrieved user data
2023-04-16T20:32:45.438Z info: Successfully retrieved user data
2023-04-16T20:32:45.729Z info: Successfully retrieved user data
2023-04-16T20:32:46.328Z info: Successfully retrieved user data
2023-04-16T20:32:46.644Z info: Successfully retrieved user data
2023-04-16T20:32:47.368Z info: Successfully retrieved user data
2023-04-16T20:32:47.815Z info: Successfully retrieved user data
2023-04-16T20:32:48.302Z info: Successfully retrieved user data
2023-04-16T20:32:48.691Z info: Successfully retrieved user data
2023-04-16T20:32:49.298Z info: Successfully retrieved user data
2023-04-16T20:34:12.652Z info: Successfully retrieved user data
2023-04-16T20:34:13.009Z info: Successfully retrieved user data
2023-04-16T20:34:13.487Z info: Successfully retrieved user data
2023-04-16T20:34:13.586Z info: Successfully retrieved user data
2023-04-16T20:34:14.051Z info: Successfully retrieved user data
2023-04-16T20:34:14.143Z info: Successfully retrieved user data
2023-04-16T20:34:14.654Z info: Successfully retrieved user data
2023-04-16T20:34:14.735Z info: Successfully retrieved user data
2023-04-16T20:34:15.433Z info: Successfully retrieved user data
2023-04-16T20:34:15.490Z info: Successfully retrieved user data
2023-04-16T20:34:15.605Z info: Successfully retrieved user data
2023-04-16T20:34:16.157Z info: Successfully retrieved user data
2023-04-16T20:34:16.397Z info: Successfully retrieved user data
2023-04-16T20:34:16.554Z info: Successfully retrieved user data
2023-04-16T20:34:16.947Z info: Successfully retrieved user data
2023-04-16T20:34:17.380Z info: Successfully retrieved user data
2023-04-16T20:34:17.642Z info: Successfully retrieved user data
2023-04-16T20:34:17.755Z info: Successfully retrieved user data
2023-04-16T20:34:18.040Z info: Successfully retrieved user data
2023-04-16T20:34:18.337Z info: Successfully retrieved user data
2023-04-16T20:34:18.933Z info: Successfully retrieved user data
2023-04-16T20:34:19.162Z info: Successfully retrieved user data
2023-04-16T20:34:19.303Z info: Successfully retrieved user data
2023-04-16T20:34:19.464Z info: Successfully retrieved user data
2023-04-16T20:34:19.735Z info: Successfully retrieved user data
2023-04-16T20:34:20.254Z info: Successfully retrieved user data
2023-04-16T20:34:20.708Z info: Successfully retrieved user data
2023-04-16T20:34:20.712Z info: Successfully retrieved user data
2023-04-16T20:34:20.949Z info: Successfully retrieved user data
2023-04-16T20:34:20.991Z info: Successfully retrieved user data
2023-04-16T20:34:21.182Z info: Successfully retrieved user data
2023-04-16T20:34:22.146Z info: Successfully retrieved user data
2023-04-16T20:34:22.363Z info: Successfully retrieved user data
2023-04-16T20:34:22.495Z info: Successfully retrieved user data
2023-04-16T20:34:22.530Z info: Successfully retrieved user data
2023-04-16T20:34:22.667Z info: Successfully retrieved user data
2023-04-16T20:39:07.319Z info: Successfully retrieved user data
2023-04-16T20:39:09.005Z info: Successfully retrieved user data
2023-04-16T20:39:10.263Z info: Successfully retrieved user data
2023-04-17T08:13:04.638Z info: Successfully retrieved user data
2023-04-17T08:13:06.343Z info: Successfully retrieved user data
2023-04-17T08:13:07.644Z info: Successfully retrieved user data
2023-04-17T08:13:08.796Z info: Successfully retrieved user data
2023-04-17T08:13:09.867Z info: Successfully retrieved user data
2023-04-17T08:13:10.883Z info: Successfully retrieved user data
2023-04-17T08:24:01.683Z info: Successfully retrieved user data
2023-04-17T08:24:02.731Z info: Successfully retrieved user data
2023-04-17T08:24:03.629Z info: Successfully retrieved user data
2023-04-17T08:24:04.402Z info: Successfully retrieved user data
2023-04-17T08:24:05.142Z info: Successfully retrieved user data
2023-04-17T10:08:40.926Z info: Successfully retrieved user data
2023-04-17T10:08:42.097Z info: Successfully retrieved user data
2023-04-17T10:08:43.005Z info: Successfully retrieved user data
2023-04-17T10:08:43.875Z info: Successfully retrieved user data
2023-04-17T10:08:44.618Z info: Successfully retrieved user data
2023-04-17T10:08:45.337Z info: Successfully retrieved user data
2023-04-17T10:08:46.126Z info: Successfully retrieved user data
2023-04-17T10:08:46.874Z info: Successfully retrieved user data
2023-04-17T10:08:47.659Z info: Successfully retrieved user data
2023-04-17T10:08:48.401Z info: Successfully retrieved user data
2023-04-17T10:08:49.129Z info: Successfully retrieved user data
2023-04-17T10:08:49.979Z info: Successfully retrieved user data
2023-04-17T10:10:36.394Z info: Successfully retrieved user data
2023-04-17T10:10:37.592Z info: Successfully retrieved user data
2023-04-17T10:10:38.552Z info: Successfully retrieved user data
2023-04-17T10:10:39.430Z info: Successfully retrieved user data
2023-04-17T10:10:40.233Z info: Successfully retrieved user data
2023-04-17T10:10:40.954Z info: Successfully retrieved user data
2023-04-17T10:11:27.666Z info: Retrieved user with id 23
2023-04-17T10:11:42.732Z info: Retrieved user with id 23
2023-04-17T10:14:11.611Z info: User 23 - Dmitrii Gornostaev2512 - Updated successfully
2023-04-17T10:14:14.175Z info: User 23 - Dmitrii Gornostaev2512 - Updated successfully
2023-04-17T10:14:15.604Z info: User 23 - Dmitrii Gornostaev2512 - Updated successfully
2023-04-17T10:14:16.803Z info: User 23 - Dmitrii Gornostaev2512 - Updated successfully
2023-04-17T10:18:37.908Z info: User 23 - Dmitrii Gornostaev2512 - Updated successfully
2023-04-17T10:18:46.314Z info: Deleting user with id 4
2023-04-17T10:18:46.360Z error: User with id 4 not found
2023-04-17T10:20:10.545Z info: Deleting user with id 4
2023-04-17T10:20:10.610Z error: User with id 4 not found
2023-04-17T10:20:11.878Z info: Deleting user with id 4
2023-04-17T10:20:11.931Z error: User with id 4 not found
2023-04-17T10:20:12.349Z info: Deleting user with id 4
2023-04-17T10:20:12.399Z error: User with id 4 not found
2023-04-17T10:20:12.839Z info: Deleting user with id 4
2023-04-17T10:20:12.889Z error: User with id 4 not found
2023-04-17T10:20:13.299Z info: Deleting user with id 4
2023-04-17T10:20:13.349Z error: User with id 4 not found
2023-04-17T10:20:13.697Z info: Deleting user with id 4
2023-04-17T10:20:13.741Z error: User with id 4 not found
2023-04-17T10:20:14.218Z info: Deleting user with id 4
2023-04-17T10:20:14.270Z error: User with id 4 not found
2023-04-17T10:20:14.762Z info: Deleting user with id 4
2023-04-17T10:20:14.809Z error: User with id 4 not found
2023-04-17T10:20:15.327Z info: Deleting user with id 4
2023-04-17T10:20:15.379Z error: User with id 4 not found
2023-04-17T10:20:15.881Z info: Deleting user with id 4
2023-04-17T10:20:15.929Z error: User with id 4 not found
2023-04-17T10:20:16.395Z info: Deleting user with id 4
2023-04-17T10:20:16.439Z error: User with id 4 not found
2023-04-17T10:20:24.001Z info: Successfully retrieved user data
2023-04-17T10:20:24.308Z info: Successfully retrieved user data
2023-04-17T10:20:24.791Z info: Successfully retrieved user data
2023-04-17T10:20:24.882Z info: Successfully retrieved user data
2023-04-17T10:20:25.385Z info: Successfully retrieved user data
2023-04-17T10:20:25.461Z info: Successfully retrieved user data
2023-04-17T10:20:26.061Z info: Successfully retrieved user data
2023-04-17T10:20:26.115Z info: Successfully retrieved user data
2023-04-17T10:20:26.161Z info: Successfully retrieved user data
2023-04-17T10:20:27.100Z info: Successfully retrieved user data
2023-04-17T10:20:27.144Z info: Successfully retrieved user data
2023-04-17T10:20:27.275Z info: Successfully retrieved user data
2023-04-17T10:20:27.606Z info: Successfully retrieved user data
2023-04-17T10:20:27.945Z info: Successfully retrieved user data
2023-04-17T10:20:28.069Z info: Successfully retrieved user data
2023-04-17T10:20:28.640Z info: Successfully retrieved user data
2023-04-17T10:20:28.749Z info: Successfully retrieved user data
2023-04-17T10:20:28.948Z info: Successfully retrieved user data
2023-04-17T10:20:28.990Z info: Successfully retrieved user data
2023-04-17T10:20:29.518Z info: Successfully retrieved user data
2023-04-17T10:20:29.970Z info: Successfully retrieved user data
2023-04-17T10:20:30.831Z info: Successfully retrieved user data
2023-04-17T10:20:31.705Z info: Successfully retrieved user data
2023-04-17T10:20:32.625Z info: Successfully retrieved user data
2023-04-17T10:20:33.523Z info: Successfully retrieved user data
2023-04-17T10:20:34.445Z info: Successfully retrieved user data
2023-04-17T10:20:35.306Z info: Successfully retrieved user data
2023-04-17T10:20:36.220Z info: Successfully retrieved user data
2023-04-17T10:20:37.100Z info: Successfully retrieved user data
2023-04-17T10:20:37.925Z info: Successfully retrieved user data
2023-04-17T10:20:38.795Z info: Successfully retrieved user data
2023-04-17T10:20:39.712Z info: Successfully retrieved user data
2023-04-17T10:20:40.674Z info: Successfully retrieved user data
2023-04-17T10:20:41.455Z info: Successfully retrieved user data
2023-04-17T10:20:42.324Z info: Successfully retrieved user data
2023-04-17T10:20:43.151Z info: Successfully retrieved user data
2023-04-17T10:20:44.009Z info: Successfully retrieved user data
2023-04-17T10:20:44.876Z info: Successfully retrieved user data
2023-04-17T10:20:45.702Z info: Successfully retrieved user data
2023-04-17T10:20:46.423Z info: Successfully retrieved user data
2023-04-17T10:20:47.137Z info: Successfully retrieved user data
2023-04-17T10:20:47.873Z info: Successfully retrieved user data
2023-04-17T10:20:48.582Z info: Successfully retrieved user data
2023-04-17T10:20:49.265Z info: Successfully retrieved user data
2023-04-17T10:20:49.860Z info: Successfully retrieved user data
2023-04-17T12:19:22.614Z info: Successfully retrieved user data
2023-04-17T12:19:22.928Z info: Successfully retrieved user data
2023-04-17T12:19:23.233Z info: Successfully retrieved user data
2023-04-17T12:19:24.348Z info: Successfully retrieved user data
2023-04-17T12:19:25.171Z info: Successfully retrieved user data
2023-04-17T12:19:25.838Z info: Successfully retrieved user data
2023-04-17T12:19:26.759Z info: Successfully retrieved user data
2023-04-17T12:19:27.584Z info: Successfully retrieved user data
2023-04-17T12:19:29.094Z info: Successfully retrieved user data
2023-04-17T12:19:29.909Z info: Successfully retrieved user data
2023-04-17T12:19:30.631Z info: Successfully retrieved user data
2023-04-17T12:19:32.611Z info: Successfully retrieved user data
2023-04-17T12:19:33.490Z info: Successfully retrieved user data
2023-04-17T12:19:36.799Z info: Deleting user with id 4
2023-04-17T12:19:36.853Z error: User with id 4 not found
2023-04-17T12:39:36.102Z info: Successfully retrieved user data
2023-04-17T12:40:32.077Z info: Creating user with username: Dmitrii and email: ourlab@mai.ru
2023-04-17T12:40:32.254Z info: User with username Dmitrii and email ourlab@mai.ru has been created with id 30
2023-04-17T12:41:52.012Z info: Successfully retrieved user data
2023-04-17T12:48:01.125Z info: Creating user with username: Dmitrii and email: ourlab@mai.ru
2023-04-17T12:48:01.208Z error: User with email ourlab@mai.ru already exists
2023-04-17T12:48:18.757Z info: Retrieved user with id 30
2023-04-17T12:48:31.131Z info: Successfully retrieved user data
2023-04-17T12:49:11.026Z info: Successfully retrieved user data
2023-04-17T12:49:16.121Z info: Creating user with username: Dmitrii and email: ourlab@mai.ru
2023-04-17T12:49:16.166Z error: User with email ourlab@mai.ru already exists
2023-04-17T12:49:20.088Z info: Successfully retrieved user data
2023-04-17T12:52:48.291Z info: Deleting user with id 30
2023-04-17T12:52:48.460Z info: User with id 30 has been deleted
2023-04-17T12:53:01.808Z info: Creating user with username: Dmitrii and email: ourlab@mail.ru
2023-04-17T12:53:01.982Z info: User with username Dmitrii and email ourlab@mail.ru has been created with id 31
2023-04-17T13:03:36.152Z info: Creating user with username: Dmitrii and email: ourlab@mail.ru
2023-04-17T13:03:36.320Z info: User with username Dmitrii and email ourlab@mail.ru has been created with id 32
2023-04-17T13:12:26.154Z info: Creating user with username: Dmitrii and email: ourlab@mail.ru
2023-04-17T13:12:26.339Z info: User with username Dmitrii and email ourlab@mail.ru has been created with id 33
2023-04-17T19:31:37.883Z info: Creating user with username: Dmitrii1 and email: ourlab1@mail.ru
2023-04-17T19:31:38.069Z info: User with username Dmitrii1 and email ourlab1@mail.ru has been created with id 34
2023-04-17T19:31:52.643Z info: Successfully retrieved user data
2023-04-17T19:32:14.124Z info: Retrieved user with id 33
2023-04-17T19:32:51.551Z info: Successfully retrieved user data
2023-04-17T19:32:53.958Z info: Successfully retrieved user data
2023-04-17T19:32:57.105Z info: Retrieved user with id 33
2023-04-17T19:34:33.504Z info: Retrieved user with id 33
2023-04-17T19:34:38.143Z info: Retrieved user with id 33
2023-04-17T19:34:39.462Z info: Retrieved user with id 33
2023-04-17T19:34:40.642Z info: Retrieved user with id 33
2023-04-17T19:34:41.623Z info: Retrieved user with id 33
2023-04-17T19:34:42.542Z info: Retrieved user with id 33
2023-04-17T19:34:43.642Z info: Retrieved user with id 33
2023-04-17T19:35:53.983Z info: User 23 not found
2023-04-17T19:36:11.243Z info: Retrieved user with id 33
2023-04-17T19:36:27.107Z info: User 33 - Dmitrii Gornostaev2512 - Updated successfully
2023-04-17T19:36:46.413Z info: Retrieved user with id 33
2023-04-18T15:01:27.910Z info: Creating user with username: Roberto and email: ourlab@mail.ru
2023-04-18T15:01:28.091Z info: User with username Roberto and email ourlab@mail.ru has been created with id 35
2023-04-18T15:04:26.585Z info: User 33 - Alexandroooo - Updated successfully
2023-04-18T15:06:12.949Z error: Error while deleting user with id 33: JsonWebTokenError: secret or public key must be provided
2023-04-18T15:07:55.807Z error: Error while deleting user with id 33: JsonWebTokenError: secret or public key must be provided
2023-04-18T15:07:58.139Z error: Error while deleting user with id 33: JsonWebTokenError: secret or public key must be provided
2023-04-18T15:07:59.543Z error: Error while deleting user with id 33: JsonWebTokenError: secret or public key must be provided
2023-04-18T15:08:01.907Z error: Error while deleting user with id 33: JsonWebTokenError: secret or public key must be provided
2023-04-18T15:08:12.033Z info: Creating user with username: Roberto and email: ourlab@mail.ru
2023-04-18T15:08:12.109Z error: User with email ourlab@mail.ru already exists
2023-04-18T15:08:29.690Z info: User 33 - Alexandroooo - Updated successfully
2023-04-18T15:13:47.878Z info: Retrieved user with id 33
2023-04-18T15:15:19.172Z info: User with id 33 has been deleted
2023-04-18T15:16:41.415Z error: User with id 33 not found
2023-04-18T15:16:43.144Z error: User with id 33 not found
2023-04-18T15:16:44.424Z error: User with id 33 not found
2023-04-18T15:16:45.604Z error: User with id 33 not found
2023-04-18T15:16:46.764Z error: User with id 33 not found
2023-04-18T15:16:47.935Z error: User with id 33 not found
2023-04-18T15:16:49.115Z error: User with id 33 not found
2023-04-18T15:16:50.344Z error: User with id 33 not found
2023-04-18T15:16:51.525Z error: User with id 33 not found
2023-04-18T15:16:52.784Z error: User with id 33 not found
2023-04-18T15:16:53.974Z error: User with id 33 not found
2023-04-18T15:16:55.366Z error: User with id 33 not found
2023-04-18T15:16:56.704Z error: User with id 33 not found
2023-04-18T15:16:57.894Z error: User with id 33 not found
2023-04-18T15:16:59.164Z error: User with id 33 not found
2023-04-18T15:17:00.435Z error: User with id 33 not found
2023-04-18T15:17:01.934Z error: User with id 33 not found
2023-04-18T15:17:03.054Z error: User with id 33 not found
2023-04-18T15:17:04.315Z error: User with id 33 not found
2023-04-18T15:17:14.930Z warn: User with id 33 not found
2023-04-18T15:35:38.163Z info: Creating user with username: Roberto and email: ourlab@mail1.ru
2023-04-18T15:35:38.313Z error: User with username Roberto already exists
2023-04-18T15:35:49.116Z info: Creating user with username: Roberto1 and email: ourlab@mail1.ru
2023-04-18T15:35:49.296Z info: User with username Roberto1 and email ourlab@mail1.ru has been created with id 36
2023-04-18T15:36:08.381Z info: Creating user with username: Roberto2 and email: ourlab@mail2.ru
2023-04-18T15:36:08.555Z info: User with username Roberto2 and email ourlab@mail2.ru has been created with id 37
2023-04-18T15:41:18.337Z info: User 37 - Alexandro12 - Updated successfully
2023-04-18T15:41:53.601Z info: User 37 - Alexandro12 - Updated successfully
2023-04-18T15:41:57.291Z info: User 37 - Alexandro12 - Updated successfully
2023-04-18T15:41:59.102Z info: User 37 - Alexandro12 - Updated successfully
2023-04-18T15:42:00.613Z info: User 37 - Alexandro12 - Updated successfully
2023-04-18T15:42:02.150Z info: User 37 - Alexandro12 - Updated successfully
2023-04-18T15:42:08.662Z info: User 37 - undefined - Updated successfully
2023-04-18T15:42:20.592Z info: User 37 - undefined - Updated successfully
2023-04-18T15:42:49.361Z info: User 37 - Alexandro12 - Updated successfully
2023-04-18T15:42:52.849Z info: User 37 - Alexandro12 - Updated successfully
2023-04-18T15:42:54.360Z info: User 37 - Alexandro12 - Updated successfully
2023-04-18T15:43:01.688Z error: User with id 33 not found
2023-04-18T17:16:55.386Z info: Successfully retrieved user data
2023-04-18T17:17:18.175Z info: Creating user with username: Roberto3 and email: ourlab@mail3.ru
2023-04-18T17:17:18.357Z info: User with username Roberto3 and email ourlab@mail3.ru has been created with id 38
2023-04-18T17:17:34.080Z info: Creating user with username: Roberto4 and email: ourlab@mail4.ru
2023-04-18T17:17:34.257Z info: User with username Roberto4 and email ourlab@mail4.ru has been created with id 39
2023-04-18T17:17:59.899Z info: Creating user with username: Roberto4 and email: ourlab@mail4.ru
2023-04-18T17:17:59.981Z error: User with email ourlab@mail4.ru already exists
2023-04-18T17:18:18.984Z info: Creating user with username: Roberto5 and email: ourlab@mail5.ru
2023-04-18T17:18:19.153Z info: User with username Roberto5 and email ourlab@mail5.ru has been created with id 40
2023-04-18T17:18:32.550Z info: Creating user with username: Roberto6 and email: ourlab@mail6.ru
2023-04-18T17:18:32.725Z info: User with username Roberto6 and email ourlab@mail6.ru has been created with id 41
2023-04-18T17:19:00.203Z info: Creating user with username: Roberto7 and email: ourlab@mail7.ru
2023-04-18T17:19:00.376Z info: User with username Roberto7 and email ourlab@mail7.ru has been created with id 42
2023-04-18T17:19:13.057Z info: Creating user with username: Roberto8 and email: ourlab@mail8.ru
2023-04-18T17:19:13.225Z info: User with username Roberto8 and email ourlab@mail8.ru has been created with id 43
2023-04-18T17:19:39.858Z info: Creating user with username: Roberto9 and email: ourlab@mail9.ru
2023-04-18T17:19:40.034Z info: User with username Roberto9 and email ourlab@mail9.ru has been created with id 44
2023-04-18T17:20:03.066Z info: Creating user with username: Roberto10 and email: ourlab@mail10.ru
2023-04-18T17:20:03.244Z info: User with username Roberto10 and email ourlab@mail10.ru has been created with id 45
2023-04-18T17:20:22.803Z info: Creating user with username: Roberto11 and email: ourlab@mail11.ru
2023-04-18T17:20:23.014Z info: User with username Roberto11 and email ourlab@mail11.ru has been created with id 46
2023-04-18T17:20:35.752Z info: Creating user with username: Roberto12 and email: ourlab@mail12.ru
2023-04-18T17:20:35.821Z error: User with email ourlab@mail12.ru already exists
2023-04-18T17:20:48.504Z info: Creating user with username: Roberto12 and email: ourlab@mail12_.ru
2023-04-18T17:20:48.674Z info: User with username Roberto12 and email ourlab@mail12_.ru has been created with id 47
2023-04-18T17:21:39.645Z info: Creating user with username: Roberto13 and email: ourlab@mail13.ru
2023-04-18T17:21:39.814Z info: User with username Roberto13 and email ourlab@mail13.ru has been created with id 48
2023-04-18T17:22:19.112Z info: Creating user with username: Roberto14 and email: ourlab@mail14.ru
2023-04-18T17:22:19.284Z info: User with username Roberto14 and email ourlab@mail14.ru has been created with id 49
2023-04-18T17:22:36.655Z info: Creating user with username: Roberto15 and email: ourlab@mail15.ru
2023-04-18T17:22:36.824Z info: User with username Roberto15 and email ourlab@mail15.ru has been created with id 50
2023-04-18T17:25:33.720Z info: Creating user with username: Roberto15 and email: ourlab@mail15.ru
2023-04-18T17:25:33.803Z error: User with email ourlab@mail15.ru already exists
2023-04-18T17:25:42.429Z info: Successfully retrieved user data
2023-04-18T17:26:15.601Z error: User 37 - jwt expired
2023-04-18T17:27:37.175Z error: Error while deleting user with id 37: TokenExpiredError: jwt expired
2023-04-18T17:27:58.092Z error: Error while deleting user with id 37: TokenExpiredError: jwt expired
2023-04-18T17:28:00.242Z error: Error while deleting user with id 37: TokenExpiredError: jwt expired
2023-04-18T17:28:50.509Z error: User 37 - jwt expired
2023-04-18T18:28:55.142Z warn: User with id 33 not found
2023-04-18T18:29:09.205Z info: Creating user with username: Dmitrii1 and email: ourlab1@mail.ru
2023-04-18T18:29:09.311Z error: User with email ourlab1@mail.ru already exists
2023-04-18T18:29:35.094Z error: User 37 - jwt expired
2023-04-18T18:42:53.796Z info: Creating user with username: Dmitrii1 and email: ourlab1@mail.ru
2023-04-18T18:42:53.913Z error: User with email ourlab1@mail.ru already exists
2023-04-18T18:42:57.445Z info: Successfully retrieved user data
2023-04-18T18:42:59.060Z info: Successfully retrieved user data
2023-04-18T18:43:00.397Z info: Successfully retrieved user data
2023-04-18T18:43:01.818Z info: Successfully retrieved user data
2023-04-18T18:43:06.306Z info: Successfully retrieved user data
2023-04-18T18:43:07.555Z info: Successfully retrieved user data
2023-04-18T18:43:08.817Z info: Successfully retrieved user data
2023-04-18T18:43:09.991Z info: Successfully retrieved user data
2023-04-18T18:43:11.201Z info: Successfully retrieved user data
2023-04-18T18:43:12.360Z info: Successfully retrieved user data
2023-04-18T18:43:13.561Z info: Successfully retrieved user data
2023-04-18T18:43:14.851Z info: Successfully retrieved user data
2023-04-18T18:43:16.000Z info: Successfully retrieved user data
2023-04-18T18:43:17.448Z info: Successfully retrieved user data
2023-04-18T18:43:18.647Z info: Successfully retrieved user data
2023-04-18T18:43:19.850Z info: Successfully retrieved user data
2023-04-18T18:43:20.664Z info: Successfully retrieved user data
2023-04-18T18:43:29.060Z info: Creating user with username: Dmitrii1 and email: ourlab1@mail.ru
2023-04-18T18:43:29.111Z error: User with email ourlab1@mail.ru already exists
2023-04-18T18:43:37.718Z info: Creating user with username: Dmitrii1 and email: ourlab1@mail3.ru
2023-04-18T18:43:37.821Z error: User with username Dmitrii1 already exists
2023-04-18T18:43:47.838Z info: Creating user with username: Dmitrii04 and email: ourlab1@mail3.ru
2023-04-18T18:43:48.374Z info: User with username Dmitrii04 and email ourlab1@mail3.ru has been created with id 51
2023-04-18T18:44:10.698Z info: Creating user with username: Dmitrii05 and email: ourlab1@mail5.ru
2023-04-18T18:44:10.927Z info: User with username Dmitrii05 and email ourlab1@mail5.ru has been created with id 52
2023-04-18T18:44:28.303Z info: Creating user with username: Dmitrii06 and email: ourlab1@mail6.ru
2023-04-18T18:44:28.533Z info: User with username Dmitrii06 and email ourlab1@mail6.ru has been created with id 53
2023-04-18T18:44:56.540Z info: Creating user with username: Dmitrii07 and email: ourlab1@mail7.ru
2023-04-18T18:44:56.764Z info: User with username Dmitrii07 and email ourlab1@mail7.ru has been created with id 54
2023-04-18T18:45:21.596Z info: Creating user with username: Dmitrii08 and email: ourlab1@mail8.ru
2023-04-18T18:45:21.812Z info: User with username Dmitrii08 and email ourlab1@mail8.ru has been created with id 55
2023-04-18T18:45:41.142Z info: Creating user with username: Dmitrii09 and email: ourlab1@mail9.ru
2023-04-18T18:45:41.372Z info: User with username Dmitrii09 and email ourlab1@mail9.ru has been created with id 56
2023-04-18T18:46:03.978Z info: Creating user with username: Dmitrii010 and email: ourlab1@mail010.ru
2023-04-18T18:46:04.167Z info: User with username Dmitrii010 and email ourlab1@mail010.ru has been created with id 57
2023-04-18T18:46:20.289Z info: Creating user with username: Dmitrii011 and email: ourlab1@mail011.ru
2023-04-18T18:46:20.487Z info: User with username Dmitrii011 and email ourlab1@mail011.ru has been created with id 58
2023-04-18T18:46:50.196Z info: Creating user with username: Dmitrii012 and email: ourlab1@mail012.ru
2023-04-18T18:46:50.411Z info: User with username Dmitrii012 and email ourlab1@mail012.ru has been created with id 59
2023-04-18T18:47:17.505Z info: Creating user with username: Dmitrii013 and email: ourlab1@mail013.ru
2023-04-18T18:47:17.726Z info: User with username Dmitrii013 and email ourlab1@mail013.ru has been created with id 60
2023-04-18T18:47:31.448Z info: Creating user with username: Dmitrii014 and email: ourlab1@mail014.ru
2023-04-18T18:47:31.636Z info: User with username Dmitrii014 and email ourlab1@mail014.ru has been created with id 61
2023-04-18T18:47:48.997Z info: Creating user with username: Dmitrii015 and email: ourlab1@mail015.ru
2023-04-18T18:47:49.211Z info: User with username Dmitrii015 and email ourlab1@mail015.ru has been created with id 62
2023-04-18T18:48:03.273Z info: Creating user with username: Dmitrii016 and email: ourlab1@mail016.ru
2023-04-18T18:48:03.492Z info: User with username Dmitrii016 and email ourlab1@mail016.ru has been created with id 63
2023-04-18T18:48:26.081Z info: Creating user with username: Dmitrii017 and email: ourlab1@mail017.ru
2023-04-18T18:48:26.293Z info: User with username Dmitrii017 and email ourlab1@mail017.ru has been created with id 64
2023-04-18T18:48:41.803Z info: Creating user with username: Dmitrii018 and email: ourlab1@mail018.ru
2023-04-18T18:48:42.001Z info: User with username Dmitrii018 and email ourlab1@mail018.ru has been created with id 65
2023-04-18T18:49:01.731Z info: Creating user with username: Dmitrii019 and email: ourlab1@mail019.ru
2023-04-18T18:49:01.933Z info: User with username Dmitrii019 and email ourlab1@mail019.ru has been created with id 66
2023-04-18T18:49:21.958Z info: Creating user with username: Dmitrii020 and email: ourlab1@mail020.ru
2023-04-18T18:49:22.165Z info: User with username Dmitrii020 and email ourlab1@mail020.ru has been created with id 67
2023-04-19T06:52:14.450Z info: Creating user with username: Roberto16 and email: ourlab@mail16.ru
2023-04-19T06:52:14.654Z info: User with username Roberto16 and email ourlab@mail16.ru has been created with id 68
2023-04-19T06:55:09.226Z info: User 68 - Alexandro001 - Updated successfully
2023-04-19T06:55:37.074Z info: Retrieved user with id 68
2023-04-19T06:56:52.165Z info: Successfully retrieved user data
2023-04-19T08:44:46.582Z info: Creating user with username: Dmitrii020 and email: ourlab1@mail020.ru
2023-04-19T08:44:46.732Z error: User with email ourlab1@mail020.ru already exists
2023-04-19T08:44:49.190Z info: Creating user with username: Dmitrii020 and email: ourlab1@mail020.ru
2023-04-19T08:44:49.240Z error: User with email ourlab1@mail020.ru already exists
2023-04-19T08:44:51.123Z info: Creating user with username: Dmitrii020 and email: ourlab1@mail020.ru
2023-04-19T08:44:51.170Z error: User with email ourlab1@mail020.ru already exists
2023-04-19T08:44:52.896Z info: Creating user with username: Dmitrii020 and email: ourlab1@mail020.ru
2023-04-19T08:44:52.949Z error: User with email ourlab1@mail020.ru already exists
2023-04-19T08:44:54.937Z info: Creating user with username: Dmitrii020 and email: ourlab1@mail020.ru
2023-04-19T08:44:54.989Z error: User with email ourlab1@mail020.ru already exists
2023-04-19T10:56:55.686Z info: Creating user with username: Dmitrii020 and email: ourlab1@mail020.ru
2023-04-19T10:56:55.768Z error: User with email ourlab1@mail020.ru already exists
2023-04-19T10:57:13.451Z info: Creating user with username: Dmitrii021 and email: ourlab1@mail021.ru
2023-04-19T10:57:13.632Z info: User with username Dmitrii021 and email ourlab1@mail021.ru has been created with id 69
2023-04-19T10:57:50.225Z info: Creating user with username: Dmitrii021 and email: undefined
2023-04-19T10:57:50.347Z error: User with username Dmitrii021 already exists
2023-04-19T10:58:09.467Z info: Creating user with username: Dmitrii022 and email: undefined
2023-04-19T10:58:09.656Z error: Error creating user with username Dmitrii022 and email undefined: null value in column "email" of relation "users" violates not-null constraint
2023-04-19T10:58:26.371Z info: Creating user with username: Dmitrii022 and email: ourlab1@mail022.ru
2023-04-19T10:58:26.551Z info: User with username Dmitrii022 and email ourlab1@mail022.ru has been created with id 71
2023-04-19T10:58:47.649Z info: Successfully retrieved user data
2023-04-19T11:01:22.791Z info: Creating user with username: Dmitrii023 and email: ourlab1@mail023.ru
2023-04-19T11:01:22.973Z info: User with username Dmitrii023 and email ourlab1@mail023.ru has been created with id 72
2023-04-19T11:01:44.493Z info: Creating user with username: Dmitrii024 and email: ourlab1@mail024.ru
2023-04-19T11:01:44.664Z info: User with username Dmitrii024 and email ourlab1@mail024.ru has been created with id 73
2023-04-19T11:02:00.081Z info: Creating user with username: Dmitrii025 and email: ourlab1@mail025.ru
2023-04-19T11:02:00.252Z info: User with username Dmitrii025 and email ourlab1@mail025.ru has been created with id 74
2023-04-19T11:18:46.318Z info: Creating user with username: Dmitrii025 and email: ourlab1@mail025.ru
2023-04-19T11:18:46.386Z error: User with email ourlab1@mail025.ru already exists
2023-04-19T11:18:47.833Z info: Creating user with username: Dmitrii025 and email: ourlab1@mail025.ru
2023-04-19T11:18:47.886Z error: User with email ourlab1@mail025.ru already exists
2023-04-19T11:18:57.488Z info: Creating user with username: undefined and email: ourlab1@mail025.ru
2023-04-19T11:18:57.537Z error: User with email ourlab1@mail025.ru already exists
2023-04-19T11:19:02.655Z info: Creating user with username: undefined and email: ourlab1@mail025.ru
2023-04-19T11:19:02.706Z error: User with email ourlab1@mail025.ru already exists
2023-04-19T11:19:20.883Z info: Creating user with username: undefined and email: ourlab1@mail026.ru
2023-04-19T11:19:21.056Z error: Error creating user with username undefined and email ourlab1@mail026.ru: null value in column "username" of relation "users" violates not-null constraint
2023-04-19T14:51:06.076Z info: Creating user with username: Dmitrii027 and email: ourlab1@mail027.ru
2023-04-19T14:51:06.304Z info: User with username Dmitrii027 and email ourlab1@mail027.ru has been created with id 76
2023-04-19T14:51:08.407Z info: Creating user with username: Dmitrii027 and email: ourlab1@mail027.ru
2023-04-19T14:51:08.453Z error: User with email ourlab1@mail027.ru already exists
2023-04-19T14:51:09.954Z info: Creating user with username: Dmitrii027 and email: ourlab1@mail027.ru
2023-04-19T14:51:10.002Z error: User with email ourlab1@mail027.ru already exists
2023-04-19T14:51:14.886Z info: Creating user with username: Dmitrii027 and email: ourlab1@mail027.ru
2023-04-19T14:51:14.932Z error: User with email ourlab1@mail027.ru already exists
2023-04-19T14:51:26.796Z info: Creating user with username: Dmitrii028 and email: ourlab1@mail028.ru
2023-04-19T14:51:26.975Z info: User with username Dmitrii028 and email ourlab1@mail028.ru has been created with id 77
2023-04-20T14:12:37.394Z info: Creating user with username: Dmitrii029 and email: ourlab1@mail029.ru
2023-04-20T14:12:37.757Z info: User with username Dmitrii029 and email ourlab1@mail029.ru has been created with id 78
2023-04-20T14:12:42.543Z info: Creating user with username: Dmitrii029 and email: ourlab1@mail029.ru
2023-04-20T14:12:42.589Z error: User with email ourlab1@mail029.ru already exists
2023-04-20T14:13:43.097Z info: Creating user with username: Dmitrii030 and email: ourlab1@mail030
2023-04-20T14:13:43.282Z info: User with username Dmitrii030 and email ourlab1@mail030 has been created with id 79
2023-04-20T14:15:35.106Z info: Creating user with username: Dmitrii031 and email: ourlab1@mail031
2023-04-20T14:15:35.280Z info: User with username Dmitrii031 and email ourlab1@mail031 has been created with id 80
2023-04-20T14:15:55.060Z info: Creating user with username: Dmitrii032 and email: ourlab1@mail032
2023-04-20T14:15:55.251Z info: User with username Dmitrii032 and email ourlab1@mail032 has been created with id 81
2023-04-20T14:16:18.214Z info: Creating user with username: Dmitrii033 and email: ourlab1@mail033
2023-04-20T14:16:18.413Z info: User with username Dmitrii033 and email ourlab1@mail033 has been created with id 82
2023-04-20T14:16:40.768Z info: Creating user with username: Dmitrii034 and email: ourlab1@mail034
2023-04-20T14:16:40.948Z info: User with username Dmitrii034 and email ourlab1@mail034 has been created with id 83
2023-04-20T14:17:01.489Z info: Creating user with username: Dmitrii035 and email: ourlab1@mail035
2023-04-20T14:17:01.690Z info: User with username Dmitrii035 and email ourlab1@mail035 has been created with id 84
2023-04-27T15:55:09.773Z info: Successfully retrieved user data
2023-07-08T15:31:17.524Z info: Creating user with username: Dmitrii035 and email: ourlab1@mail035
2023-07-08T15:31:17.723Z error: User with email ourlab1@mail035 already exists
2023-07-08T15:35:19.902Z info: Creating user with username: Dmitrii035 and email: ourlab1@mail035
2023-07-08T15:35:20.022Z error: User with email ourlab1@mail035 already exists
2023-07-08T15:35:21.585Z info: Creating user with username: Dmitrii035 and email: ourlab1@mail035
2023-07-08T15:35:21.644Z error: User with email ourlab1@mail035 already exists
2023-07-08T15:35:23.059Z info: Creating user with username: Dmitrii035 and email: ourlab1@mail035
2023-07-08T15:35:23.110Z error: User with email ourlab1@mail035 already exists
2023-07-08T15:35:24.472Z info: Creating user with username: Dmitrii035 and email: ourlab1@mail035
2023-07-08T15:35:24.521Z error: User with email ourlab1@mail035 already exists
2023-07-08T15:35:25.779Z info: Creating user with username: Dmitrii035 and email: ourlab1@mail035
2023-07-08T15:35:25.832Z error: User with email ourlab1@mail035 already exists
2023-07-08T15:35:33.762Z info: Creating user with username: Dmitrii035 and email: ourlab156@mail035
2023-07-08T15:35:33.861Z error: User with username Dmitrii035 already exists
2023-07-08T15:35:47.411Z info: Creating user with username: Dmitrii0156 and email: ourlab156@mail035
2023-07-08T15:35:47.631Z info: User with username Dmitrii0156 and email ourlab156@mail035 has been created with id 85
2023-07-08T17:07:49.061Z info: Successfully retrieved user data
