2023-04-16T20:21:41.565Z error: User with id 3 not found
2023-04-16T20:21:42.671Z error: User with id 3 not found
2023-04-16T20:21:43.540Z error: User with id 3 not found
2023-04-16T20:21:44.471Z error: User with id 3 not found
2023-04-16T20:22:59.269Z error: User with id 3 not found
2023-04-16T20:23:01.279Z error: User with id 3 not found
2023-04-16T20:23:02.189Z error: User with id 3 not found
2023-04-16T20:30:58.761Z error: User with id 3 not found
2023-04-16T20:31:00.628Z error: User with id 3 not found
2023-04-16T20:31:01.877Z error: User with id 3 not found
2023-04-16T20:32:34.218Z error: User with id 3 not found
2023-04-16T20:32:34.546Z error: User with id 3 not found
2023-04-16T20:32:35.066Z error: User with id 3 not found
2023-04-16T20:32:35.547Z error: User with id 3 not found
2023-04-16T20:32:35.926Z error: User with id 3 not found
2023-04-16T20:32:36.296Z error: User with id 3 not found
2023-04-16T20:32:36.586Z error: User with id 3 not found
2023-04-16T20:32:36.886Z error: User with id 3 not found
2023-04-16T20:32:37.177Z error: User with id 3 not found
2023-04-16T20:32:37.448Z error: User with id 3 not found
2023-04-16T20:32:37.699Z error: User with id 3 not found
2023-04-16T20:32:37.926Z error: User with id 3 not found
2023-04-16T20:32:38.166Z error: User with id 3 not found
2023-04-16T20:32:38.406Z error: User with id 3 not found
2023-04-16T20:32:38.656Z error: User with id 3 not found
2023-04-16T20:32:38.906Z error: User with id 3 not found
2023-04-16T20:32:39.156Z error: User with id 3 not found
2023-04-16T20:32:39.496Z error: User with id 3 not found
2023-04-16T20:32:39.636Z error: User with id 3 not found
2023-04-16T20:32:39.916Z error: User with id 3 not found
2023-04-16T20:32:40.125Z error: User with id 3 not found
2023-04-17T10:18:46.360Z error: User with id 4 not found
2023-04-17T10:20:10.610Z error: User with id 4 not found
2023-04-17T10:20:11.931Z error: User with id 4 not found
2023-04-17T10:20:12.399Z error: User with id 4 not found
2023-04-17T10:20:12.889Z error: User with id 4 not found
2023-04-17T10:20:13.349Z error: User with id 4 not found
2023-04-17T10:20:13.741Z error: User with id 4 not found
2023-04-17T10:20:14.270Z error: User with id 4 not found
2023-04-17T10:20:14.809Z error: User with id 4 not found
2023-04-17T10:20:15.379Z error: User with id 4 not found
2023-04-17T10:20:15.929Z error: User with id 4 not found
2023-04-17T10:20:16.439Z error: User with id 4 not found
2023-04-17T12:19:36.853Z error: User with id 4 not found
2023-04-17T12:48:01.208Z error: User with email ourlab@mai.ru already exists
2023-04-17T12:49:16.166Z error: User with email ourlab@mai.ru already exists
2023-04-18T15:06:12.949Z error: Error while deleting user with id 33: JsonWebTokenError: secret or public key must be provided
2023-04-18T15:07:55.807Z error: Error while deleting user with id 33: JsonWebTokenError: secret or public key must be provided
2023-04-18T15:07:58.139Z error: Error while deleting user with id 33: JsonWebTokenError: secret or public key must be provided
2023-04-18T15:07:59.543Z error: Error while deleting user with id 33: JsonWebTokenError: secret or public key must be provided
2023-04-18T15:08:01.907Z error: Error while deleting user with id 33: JsonWebTokenError: secret or public key must be provided
2023-04-18T15:08:12.109Z error: User with email ourlab@mail.ru already exists
2023-04-18T15:16:41.415Z error: User with id 33 not found
2023-04-18T15:16:43.144Z error: User with id 33 not found
2023-04-18T15:16:44.424Z error: User with id 33 not found
2023-04-18T15:16:45.604Z error: User with id 33 not found
2023-04-18T15:16:46.764Z error: User with id 33 not found
2023-04-18T15:16:47.935Z error: User with id 33 not found
2023-04-18T15:16:49.115Z error: User with id 33 not found
2023-04-18T15:16:50.344Z error: User with id 33 not found
2023-04-18T15:16:51.525Z error: User with id 33 not found
2023-04-18T15:16:52.784Z error: User with id 33 not found
2023-04-18T15:16:53.974Z error: User with id 33 not found
2023-04-18T15:16:55.366Z error: User with id 33 not found
2023-04-18T15:16:56.704Z error: User with id 33 not found
2023-04-18T15:16:57.894Z error: User with id 33 not found
2023-04-18T15:16:59.164Z error: User with id 33 not found
2023-04-18T15:17:00.435Z error: User with id 33 not found
2023-04-18T15:17:01.934Z error: User with id 33 not found
2023-04-18T15:17:03.054Z error: User with id 33 not found
2023-04-18T15:17:04.315Z error: User with id 33 not found
2023-04-18T15:35:38.313Z error: User with username Roberto already exists
2023-04-18T15:43:01.688Z error: User with id 33 not found
2023-04-18T17:17:59.981Z error: User with email ourlab@mail4.ru already exists
2023-04-18T17:20:35.821Z error: User with email ourlab@mail12.ru already exists
2023-04-18T17:25:33.803Z error: User with email ourlab@mail15.ru already exists
2023-04-18T17:26:15.601Z error: User 37 - jwt expired
2023-04-18T17:27:37.175Z error: Error while deleting user with id 37: TokenExpiredError: jwt expired
2023-04-18T17:27:58.092Z error: Error while deleting user with id 37: TokenExpiredError: jwt expired
2023-04-18T17:28:00.242Z error: Error while deleting user with id 37: TokenExpiredError: jwt expired
2023-04-18T17:28:50.509Z error: User 37 - jwt expired
2023-04-18T18:29:09.311Z error: User with email ourlab1@mail.ru already exists
2023-04-18T18:29:35.094Z error: User 37 - jwt expired
2023-04-18T18:42:53.913Z error: User with email ourlab1@mail.ru already exists
2023-04-18T18:43:29.111Z error: User with email ourlab1@mail.ru already exists
2023-04-18T18:43:37.821Z error: User with username Dmitrii1 already exists
2023-04-19T08:44:46.732Z error: User with email ourlab1@mail020.ru already exists
2023-04-19T08:44:49.240Z error: User with email ourlab1@mail020.ru already exists
2023-04-19T08:44:51.170Z error: User with email ourlab1@mail020.ru already exists
2023-04-19T08:44:52.949Z error: User with email ourlab1@mail020.ru already exists
2023-04-19T08:44:54.989Z error: User with email ourlab1@mail020.ru already exists
2023-04-19T10:56:55.768Z error: User with email ourlab1@mail020.ru already exists
2023-04-19T10:57:50.347Z error: User with username Dmitrii021 already exists
2023-04-19T10:58:09.656Z error: Error creating user with username Dmitrii022 and email undefined: null value in column "email" of relation "users" violates not-null constraint
2023-04-19T11:18:46.386Z error: User with email ourlab1@mail025.ru already exists
2023-04-19T11:18:47.886Z error: User with email ourlab1@mail025.ru already exists
2023-04-19T11:18:57.537Z error: User with email ourlab1@mail025.ru already exists
2023-04-19T11:19:02.706Z error: User with email ourlab1@mail025.ru already exists
2023-04-19T11:19:21.056Z error: Error creating user with username undefined and email ourlab1@mail026.ru: null value in column "username" of relation "users" violates not-null constraint
2023-04-19T14:51:08.453Z error: User with email ourlab1@mail027.ru already exists
2023-04-19T14:51:10.002Z error: User with email ourlab1@mail027.ru already exists
2023-04-19T14:51:14.932Z error: User with email ourlab1@mail027.ru already exists
2023-04-20T14:12:42.589Z error: User with email ourlab1@mail029.ru already exists
2023-07-08T15:31:17.723Z error: User with email ourlab1@mail035 already exists
2023-07-08T15:35:20.022Z error: User with email ourlab1@mail035 already exists
2023-07-08T15:35:21.644Z error: User with email ourlab1@mail035 already exists
2023-07-08T15:35:23.110Z error: User with email ourlab1@mail035 already exists
2023-07-08T15:35:24.521Z error: User with email ourlab1@mail035 already exists
2023-07-08T15:35:25.832Z error: User with email ourlab1@mail035 already exists
2023-07-08T15:35:33.861Z error: User with username Dmitrii035 already exists
